<?xml version="1.0" encoding="UTF-8"?>
<!-- Generated by org.testng.reporters.JUnitReportReporter -->
<testsuite skipped="0" hostname="srijans-MacBook-Pro-3.local" name="ezcontent.qa.testcases.ForgetPasswordPageTest" tests="4" failures="0" timestamp="2020-04-24T12:34:34 IST" time="9.042" errors="0">
  <testcase name="forgetPaswdTitleTest" time="0.028" classname="ezcontent.qa.testcases.ForgetPasswordPageTest"/>
  <system-out/>
  <testcase name="logoImageTest" time="0.039" classname="ezcontent.qa.testcases.ForgetPasswordPageTest"/>
  <system-out/>
  <testcase name="forgetPaswdSubmitTest" time="8.944" classname="ezcontent.qa.testcases.ForgetPasswordPageTest"/>
  <system-out/>
  <testcase name="statusMessageTest" time="0.031" classname="ezcontent.qa.testcases.ForgetPasswordPageTest"/>
  <system-out/>
</testsuite> <!-- ezcontent.qa.testcases.ForgetPasswordPageTest -->
