<?xml version="1.0" encoding="UTF-8"?>
<!-- Generated by org.testng.reporters.JUnitReportReporter -->
<testsuite skipped="0" hostname="DESKTOP-VINC94V" name="ezcontent.qa.testcases.ContentAuthorTest" tests="10" failures="0" timestamp="2020-04-28T18:43:35 IST" time="36.394" errors="0">
  <testcase name="loginFunctionality" time="5.016" classname="ezcontent.qa.testcases.ContentAuthorTest"/>
  <system-out/>
  <testcase name="navigateToAuthorPage" time="16.441" classname="ezcontent.qa.testcases.ContentAuthorTest"/>
  <system-out/>
  <testcase name="validateTabTitle" time="0.024" classname="ezcontent.qa.testcases.ContentAuthorTest"/>
  <system-out/>
  <testcase name="validateHeaderTitle" time="0.065" classname="ezcontent.qa.testcases.ContentAuthorTest"/>
  <system-out/>
  <testcase name="enterName" time="0.688" classname="ezcontent.qa.testcases.ContentAuthorTest"/>
  <system-out/>
  <testcase name="enterAvatar" time="5.960" classname="ezcontent.qa.testcases.ContentAuthorTest"/>
  <system-out/>
  <testcase name="entersummaryField" time="0.309" classname="ezcontent.qa.testcases.ContentAuthorTest"/>
  <system-out/>
  <testcase name="enterbioField" time="1.172" classname="ezcontent.qa.testcases.ContentAuthorTest"/>
  <system-out/>
  <testcase name="UnPublishTheContent" time="2.198" classname="ezcontent.qa.testcases.ContentAuthorTest"/>
  <system-out/>
  <testcase name="saveTheContent" time="4.521" classname="ezcontent.qa.testcases.ContentAuthorTest"/>
  <system-out/>
</testsuite> <!-- ezcontent.qa.testcases.ContentAuthorTest -->
