<?xml version="1.0" encoding="UTF-8"?>
<!-- Generated by org.testng.reporters.JUnitReportReporter -->
<testsuite hostname="Poonam-Lata-MBP.local" failures="0" tests="4" name="ezcontent.qa.testcases.ForgetPasswordPageTest" time="8.820" errors="0" timestamp="2020-04-26T15:48:34 IST" skipped="0">
  <testcase classname="ezcontent.qa.testcases.ForgetPasswordPageTest" name="forgetPaswdTitleTest" time="0.024"/>
  <system-out/>
  <testcase classname="ezcontent.qa.testcases.ForgetPasswordPageTest" name="logoImageTest" time="0.106"/>
  <system-out/>
  <testcase classname="ezcontent.qa.testcases.ForgetPasswordPageTest" name="forgetPaswdSubmitTest" time="8.637"/>
  <system-out/>
  <testcase classname="ezcontent.qa.testcases.ForgetPasswordPageTest" name="statusMessageTest" time="0.053"/>
  <system-out/>
</testsuite> <!-- ezcontent.qa.testcases.ForgetPasswordPageTest -->
