<?xml version="1.0" encoding="UTF-8"?>
<!-- Generated by org.testng.reporters.JUnitReportReporter -->
<testsuite hostname="srijans-MacBook-Pro-103.local" name="ezcontent.qa.testcases.LoginPageTest" tests="10" failures="0" timestamp="27 Apr 2020 12:31:09 GMT" time="14.054" errors="0">
  <testcase name="dashboardPageTitle" time="3.010" classname="ezcontent.qa.testcases.LoginPageTest"/>
  <testcase name="logout" time="6.883" classname="ezcontent.qa.testcases.LoginPageTest"/>
  <testcase name="validatePasswordLabel" time="0.015" classname="ezcontent.qa.testcases.LoginPageTest"/>
  <testcase name="validateuserNameHelpText" time="0.015" classname="ezcontent.qa.testcases.LoginPageTest"/>
  <testcase name="clickOnForgetLink" time="0.757" classname="ezcontent.qa.testcases.LoginPageTest"/>
  <testcase name="validateUsernameLabel" time="0.019" classname="ezcontent.qa.testcases.LoginPageTest"/>
  <testcase name="logoImage" time="0.057" classname="ezcontent.qa.testcases.LoginPageTest"/>
  <testcase name="loginFunctionality" time="3.278" classname="ezcontent.qa.testcases.LoginPageTest"/>
  <testcase name="validatepasswordHelpText" time="0.012" classname="ezcontent.qa.testcases.LoginPageTest"/>
  <testcase name="loginPageTitle" time="0.008" classname="ezcontent.qa.testcases.LoginPageTest"/>
</testsuite> <!-- ezcontent.qa.testcases.LoginPageTest -->
