<?xml version="1.0" encoding="UTF-8"?>
<!-- Generated by org.testng.reporters.JUnitReportReporter -->
<testsuite skipped="0" hostname="srijans-MacBook-Pro-80.local" name="ezcontent.qa.testcases.LoginPageTest" tests="10" failures="0" timestamp="2020-04-28T17:10:48 IST" time="15.139" errors="0">
  <testcase name="loginPageTitle" time="0.013" classname="ezcontent.qa.testcases.LoginPageTest"/>
  <system-out/>
  <testcase name="logoImage" time="0.069" classname="ezcontent.qa.testcases.LoginPageTest"/>
  <system-out/>
  <testcase name="validateUsernameLabel" time="0.044" classname="ezcontent.qa.testcases.LoginPageTest"/>
  <system-out/>
  <testcase name="validatePasswordLabel" time="0.045" classname="ezcontent.qa.testcases.LoginPageTest"/>
  <system-out/>
  <testcase name="validateuserNameHelpText" time="0.031" classname="ezcontent.qa.testcases.LoginPageTest"/>
  <system-out/>
  <testcase name="validatepasswordHelpText" time="0.030" classname="ezcontent.qa.testcases.LoginPageTest"/>
  <system-out/>
  <testcase name="loginFunctionality" time="5.100" classname="ezcontent.qa.testcases.LoginPageTest"/>
  <system-out/>
  <testcase name="dashboardPageTitle" time="3.026" classname="ezcontent.qa.testcases.LoginPageTest"/>
  <system-out/>
  <testcase name="logout" time="5.750" classname="ezcontent.qa.testcases.LoginPageTest"/>
  <system-out/>
  <testcase name="clickOnForgetLink" time="1.031" classname="ezcontent.qa.testcases.LoginPageTest"/>
  <system-out/>
</testsuite> <!-- ezcontent.qa.testcases.LoginPageTest -->
