<?xml version="1.0" encoding="UTF-8"?>
<!-- Generated by org.testng.reporters.JUnitReportReporter -->
<testsuite hostname="srijans-MacBook-Pro-103.local" name="ezcontent.qa.testcases.LoginPageTest" tests="11" failures="0" timestamp="6 May 2020 06:20:49 GMT" time="18.532" errors="0">
  <testcase name="loginFunctionality" time="4.306" classname="ezcontent.qa.testcases.LoginPageTest"/>
  <testcase name="validateUsernameLabel" time="0.050" classname="ezcontent.qa.testcases.LoginPageTest"/>
  <testcase name="validatePasswordLabel" time="0.029" classname="ezcontent.qa.testcases.LoginPageTest"/>
  <testcase name="dashboardPageTitle" time="3.018" classname="ezcontent.qa.testcases.LoginPageTest"/>
  <testcase name="validateuserNameHelpText" time="0.023" classname="ezcontent.qa.testcases.LoginPageTest"/>
  <testcase name="clickOnForgetLink" time="5.977" classname="ezcontent.qa.testcases.LoginPageTest"/>
  <testcase name="logout" time="4.927" classname="ezcontent.qa.testcases.LoginPageTest"/>
  <testcase name="loginPageTitle" time="0.022" classname="ezcontent.qa.testcases.LoginPageTest"/>
  <testcase name="navigatetoDashboard" time="0.043" classname="ezcontent.qa.testcases.LoginPageTest"/>
  <testcase name="logoImage" time="0.091" classname="ezcontent.qa.testcases.LoginPageTest"/>
  <testcase name="validatepasswordHelpText" time="0.046" classname="ezcontent.qa.testcases.LoginPageTest"/>
</testsuite> <!-- ezcontent.qa.testcases.LoginPageTest -->
