<?xml version="1.0" encoding="UTF-8"?>
<!-- Generated by org.testng.reporters.JUnitReportReporter -->
<testsuite skipped="0" hostname="PriyankaSahni.local" name="ezcontent.qa.testcases.ArticleMapTest" tests="13" failures="0" timestamp="2020-04-28T18:22:01 IST" time="12.603" errors="0">
  <testcase name="loginTest" time="3.513" classname="ezcontent.qa.testcases.ArticleMapTest"/>
  <system-out/>
  <testcase name="verifyContent" time="4.223" classname="ezcontent.qa.testcases.ArticleMapTest"/>
  <system-out/>
  <testcase name="Content" time="0.181" classname="ezcontent.qa.testcases.ArticleMapTest"/>
  <system-out/>
  <testcase name="addContent" time="0.126" classname="ezcontent.qa.testcases.ArticleMapTest"/>
  <system-out/>
  <testcase name="article" time="2.792" classname="ezcontent.qa.testcases.ArticleMapTest"/>
  <system-out/>
  <testcase name="verifySections" time="0.282" classname="ezcontent.qa.testcases.ArticleMapTest"/>
  <system-out/>
  <testcase name="titleFieldLabel" time="0.039" classname="ezcontent.qa.testcases.ArticleMapTest"/>
  <system-out/>
  <testcase name="titleFieldData" time="0.480" classname="ezcontent.qa.testcases.ArticleMapTest"/>
  <system-out/>
  <testcase name="subTitleFieldLabel" time="0.028" classname="ezcontent.qa.testcases.ArticleMapTest"/>
  <system-out/>
  <testcase name="subTitleFieldData" time="0.460" classname="ezcontent.qa.testcases.ArticleMapTest"/>
  <system-out/>
  <testcase name="subheadFieldLabel" time="0.028" classname="ezcontent.qa.testcases.ArticleMapTest"/>
  <system-out/>
  <testcase name="subheadFieldData" time="0.428" classname="ezcontent.qa.testcases.ArticleMapTest"/>
  <system-out/>
  <testcase name="authorLabel" time="0.023" classname="ezcontent.qa.testcases.ArticleMapTest"/>
  <system-out/>
</testsuite> <!-- ezcontent.qa.testcases.ArticleMapTest -->
