<?xml version="1.0" encoding="UTF-8"?>
<!-- Generated by org.testng.reporters.JUnitReportReporter -->
<testsuite hostname="srijans-MacBook-Pro-103.local" name="ezcontent.qa.testcases.ForgetPasswordPageTest" tests="4" failures="0" timestamp="27 Apr 2020 12:03:30 GMT" time="7.170" errors="0">
  <testcase name="forgetPaswdTitleTest" time="0.011" classname="ezcontent.qa.testcases.ForgetPasswordPageTest"/>
  <testcase name="forgetPaswdSubmitTest" time="7.075" classname="ezcontent.qa.testcases.ForgetPasswordPageTest"/>
  <testcase name="logoImageTest" time="0.061" classname="ezcontent.qa.testcases.ForgetPasswordPageTest"/>
  <testcase name="statusMessageTest" time="0.023" classname="ezcontent.qa.testcases.ForgetPasswordPageTest"/>
</testsuite> <!-- ezcontent.qa.testcases.ForgetPasswordPageTest -->
