<?xml version="1.0" encoding="UTF-8"?>
<!-- Generated by org.testng.reporters.JUnitReportReporter -->
<testsuite hostname="LAPTOP-2F76RQJQ" failures="0" tests="4" name="ezcontent.qa.testcases.ForgetPasswordPageTest" time="10.718" errors="0" timestamp="2020-04-23T17:01:40 IST" skipped="0">
  <testcase classname="ezcontent.qa.testcases.ForgetPasswordPageTest" name="forgetPaswdTitleTest" time="0.033"/>
  <system-out/>
  <testcase classname="ezcontent.qa.testcases.ForgetPasswordPageTest" name="logoImageTest" time="0.115"/>
  <system-out/>
  <testcase classname="ezcontent.qa.testcases.ForgetPasswordPageTest" name="forgetPaswdSubmitTest" time="10.524"/>
  <system-out/>
  <testcase classname="ezcontent.qa.testcases.ForgetPasswordPageTest" name="statusMessageTest" time="0.046"/>
  <system-out/>
</testsuite> <!-- ezcontent.qa.testcases.ForgetPasswordPageTest -->
