<?xml version="1.0" encoding="UTF-8"?>
<!-- Generated by org.testng.reporters.JUnitReportReporter -->
<testsuite skipped="0" hostname="DESKTOP-VINC94V" name="ezcontent.qa.testcases.ForgetPasswordPageTest" tests="4" failures="0" timestamp="2020-04-26T14:43:00 IST" time="8.899" errors="0">
  <testcase name="forgetPaswdTitleTest" time="0.039" classname="ezcontent.qa.testcases.ForgetPasswordPageTest"/>
  <system-out/>
  <testcase name="logoImageTest" time="0.108" classname="ezcontent.qa.testcases.ForgetPasswordPageTest"/>
  <system-out/>
  <testcase name="forgetPaswdSubmitTest" time="8.612" classname="ezcontent.qa.testcases.ForgetPasswordPageTest"/>
  <system-out/>
  <testcase name="statusMessageTest" time="0.140" classname="ezcontent.qa.testcases.ForgetPasswordPageTest"/>
  <system-out/>
</testsuite> <!-- ezcontent.qa.testcases.ForgetPasswordPageTest -->
